<?xml version="1.0" encoding="UTF-8"?>
<testng-results skipped="0" failed="0" ignored="0" total="2" passed="2">
  <reporter-output>
  </reporter-output>
  <suite name="Default suite" duration-ms="59" started-at="2019-06-05T23:16:18Z" finished-at="2019-06-05T23:16:18Z">
    <groups>
    </groups>
    <test name="Default test" duration-ms="59" started-at="2019-06-05T23:16:18Z" finished-at="2019-06-05T23:16:18Z">
      <class name="com.wbl.Programs.SecondMaxTest">
        <test-method status="PASS" signature="test1()[pri:0, instance:com.wbl.Programs.SecondMaxTest@573f2bb1]" name="test1" duration-ms="16" started-at="2019-06-05T23:16:18Z" finished-at="2019-06-05T23:16:18Z">
          <reporter-output>
          </reporter-output>
        </test-method> <!-- test1 -->
        <test-method status="PASS" signature="test2()[pri:0, instance:com.wbl.Programs.SecondMaxTest@573f2bb1]" name="test2" duration-ms="2" started-at="2019-06-05T23:16:18Z" finished-at="2019-06-05T23:16:18Z">
          <reporter-output>
          </reporter-output>
        </test-method> <!-- test2 -->
      </class> <!-- com.wbl.Programs.SecondMaxTest -->
    </test> <!-- Default test -->
  </suite> <!-- Default suite -->
</testng-results>
