<?xml version="1.0" encoding="UTF-8"?>
<!-- Generated by org.testng.reporters.JUnitXMLReporter -->
<testsuite hostname="LAPTOP-78PM13E0" ignored="0" name="Default test" tests="4" failures="0" timestamp="11 Jun 2019 16:50:00 GMT" time="0.058" errors="0">
  <testcase name="test1" time="0.019" classname="com.wbl.programs.RemoveDuplicatesTest"/>
  <testcase name="test2" time="0.001" classname="com.wbl.programs.RemoveDuplicatesTest"/>
  <testcase name="test3" time="0.006" classname="com.wbl.programs.RemoveDuplicatesTest"/>
  <testcase name="test4" time="0.001" classname="com.wbl.programs.RemoveDuplicatesTest"/>
</testsuite> <!-- Default test -->
